/*C6*/SET SCHEMA PUBLIC
create table if not exists Pages (Id integer identity primary key, Name varchar(255) unique, Content clob)
/*C1*/SET SCHEMA SYSTEM_LOBS
INSERT INTO LOB_IDS VALUES(4,100,0,40)
ALTER SEQUENCE SYSTEM_LOBS.LOB_ID RESTART WITH 5
COMMIT
DELETE FROM BLOCKS WHERE BLOCK_ADDR=3
INSERT INTO BLOCKS VALUES(3,1,0)
INSERT INTO BLOCKS VALUES(4,2147483643,0)
DELETE FROM BLOCKS WHERE BLOCK_ADDR=3
INSERT INTO LOBS VALUES(3,1,0,4)
COMMIT
/*C6*/DELETE FROM PAGES WHERE ID=0
INSERT INTO PAGES VALUES(0,'MyFirstWiki',4)
SET SCHEMA SYSTEM_LOBS
DELETE FROM LOB_IDS WHERE LOB_ID=2
INSERT INTO LOB_IDS VALUES(2,94,0,40)
DELETE FROM LOB_IDS WHERE LOB_ID=4
INSERT INTO LOB_IDS VALUES(4,100,1,40)
COMMIT
/*C8*/SET SCHEMA PUBLIC
DISCONNECT
/*C6*/SET SCHEMA PUBLIC
DISCONNECT
/*C7*/SET SCHEMA PUBLIC
DISCONNECT
